[debug] [2024-05-20T11:25:19.368Z] ----------------------------------------------------------------------
[debug] [2024-05-20T11:25:19.370Z] Command:       /Users/zacharywolfe/.nvm/versions/node/v20.13.1/bin/node /Users/zacharywolfe/.nvm/versions/node/v20.13.1/bin/firebase serve --only functions
[debug] [2024-05-20T11:25:19.371Z] CLI Version:   13.9.0
[debug] [2024-05-20T11:25:19.371Z] Platform:      darwin
[debug] [2024-05-20T11:25:19.371Z] Node Version:  v20.13.1
[debug] [2024-05-20T11:25:19.371Z] Time:          Mon May 20 2024 07:25:19 GMT-0400 (Eastern Daylight Time)
[debug] [2024-05-20T11:25:19.371Z] ----------------------------------------------------------------------
[debug] 
[debug] [2024-05-20T11:25:19.479Z] > command requires scopes: ["email","openid","https://www.googleapis.com/auth/cloudplatformprojects.readonly","https://www.googleapis.com/auth/firebase","https://www.googleapis.com/auth/cloud-platform"]
[debug] [2024-05-20T11:25:19.480Z] > authorizing via signed-in user (zacharywolfe29@gmail.com)
[debug] [2024-05-20T11:25:19.480Z] [iam] checking project clickit-6d6ab for permissions ["firebase.projects.get"]
[debug] [2024-05-20T11:25:19.481Z] > refreshing access token with scopes: []
[debug] [2024-05-20T11:25:19.482Z] >>> [apiv2][query] POST https://www.googleapis.com/oauth2/v3/token [none]
[debug] [2024-05-20T11:25:19.482Z] >>> [apiv2][body] POST https://www.googleapis.com/oauth2/v3/token [omitted]
[debug] [2024-05-20T11:25:19.666Z] <<< [apiv2][status] POST https://www.googleapis.com/oauth2/v3/token 200
[debug] [2024-05-20T11:25:19.667Z] <<< [apiv2][body] POST https://www.googleapis.com/oauth2/v3/token [omitted]
[debug] [2024-05-20T11:25:19.673Z] >>> [apiv2][query] POST https://cloudresourcemanager.googleapis.com/v1/projects/clickit-6d6ab:testIamPermissions [none]
[debug] [2024-05-20T11:25:19.673Z] >>> [apiv2][(partial)header] POST https://cloudresourcemanager.googleapis.com/v1/projects/clickit-6d6ab:testIamPermissions x-goog-quota-user=projects/clickit-6d6ab
[debug] [2024-05-20T11:25:19.674Z] >>> [apiv2][body] POST https://cloudresourcemanager.googleapis.com/v1/projects/clickit-6d6ab:testIamPermissions {"permissions":["firebase.projects.get"]}
[debug] [2024-05-20T11:25:19.864Z] <<< [apiv2][status] POST https://cloudresourcemanager.googleapis.com/v1/projects/clickit-6d6ab:testIamPermissions 200
[debug] [2024-05-20T11:25:19.864Z] <<< [apiv2][body] POST https://cloudresourcemanager.googleapis.com/v1/projects/clickit-6d6ab:testIamPermissions {"permissions":["firebase.projects.get"]}
[debug] [2024-05-20T11:25:19.865Z] >>> [apiv2][query] GET https://firebase.googleapis.com/v1beta1/projects/clickit-6d6ab [none]
[debug] [2024-05-20T11:25:20.282Z] <<< [apiv2][status] GET https://firebase.googleapis.com/v1beta1/projects/clickit-6d6ab 200
[debug] [2024-05-20T11:25:20.282Z] <<< [apiv2][body] GET https://firebase.googleapis.com/v1beta1/projects/clickit-6d6ab {"projectId":"clickit-6d6ab","projectNumber":"542887559087","displayName":"Clickit","name":"projects/clickit-6d6ab","resources":{"hostingSite":"clickit-6d6ab","realtimeDatabaseInstance":"clickit-6d6ab-default-rtdb"},"state":"ACTIVE","etag":"1_f8ad3086-241f-421d-8f71-9825220b44ec"}
[debug] [2024-05-20T11:25:20.289Z] defaultcredentials: writing to file /Users/zacharywolfe/.config/firebase/zacharywolfe29_gmail_com_application_default_credentials.json
[debug] [2024-05-20T11:25:20.292Z] Setting GAC to /Users/zacharywolfe/.config/firebase/zacharywolfe29_gmail_com_application_default_credentials.json {"metadata":{"emulator":{"name":"functions"},"message":"Setting GAC to /Users/zacharywolfe/.config/firebase/zacharywolfe29_gmail_com_application_default_credentials.json"}}
[debug] [2024-05-20T11:25:20.292Z] >>> [apiv2][query] GET https://firebase.googleapis.com/v1beta1/projects/clickit-6d6ab/adminSdkConfig [none]
[debug] [2024-05-20T11:25:20.504Z] <<< [apiv2][status] GET https://firebase.googleapis.com/v1beta1/projects/clickit-6d6ab/adminSdkConfig 200
[debug] [2024-05-20T11:25:20.505Z] <<< [apiv2][body] GET https://firebase.googleapis.com/v1beta1/projects/clickit-6d6ab/adminSdkConfig {"projectId":"clickit-6d6ab","databaseURL":"https://clickit-6d6ab-default-rtdb.firebaseio.com","storageBucket":"clickit-6d6ab.appspot.com"}
[info] i  functions: Watching "/Users/zacharywolfe/Desktop/ClickitBackend/functions" for Cloud Functions... {"metadata":{"emulator":{"name":"functions"},"message":"Watching \"/Users/zacharywolfe/Desktop/ClickitBackend/functions\" for Cloud Functions..."}}
[debug] [2024-05-20T11:25:20.532Z] Validating nodejs source
[debug] [2024-05-20T11:25:21.297Z] > [functions] package.json contents: {
  "name": "functions",
  "scripts": {
    "lint": "eslint --fix --ext .js,.ts .",
    "build": "tsc",
    "build:watch": "tsc --watch",
    "serve": "npm run build && firebase emulators:start --only functions",
    "shell": "npm run build && firebase functions:shell",
    "start": "npm run shell",
    "deploy": "npm run build && firebase serve --only functions",
    "logs": "firebase functions:log"
  },
  "engines": {
    "node": "20"
  },
  "main": "lib/index.js",
  "dependencies": {
    "cors": "^2.8.5",
    "firebase-admin": "^12.1.0",
    "firebase-functions": "^5.0.0",
    "nvm": "^0.0.4"
  },
  "devDependencies": {
    "@typescript-eslint/eslint-plugin": "^5.12.0",
    "@typescript-eslint/parser": "^5.12.0",
    "eslint": "^8.9.0",
    "eslint-config-google": "^0.14.0",
    "eslint-plugin-import": "^2.25.4",
    "firebase-functions-test": "^3.1.0",
    "typescript": "^4.9.0"
  },
  "private": true
}
[debug] [2024-05-20T11:25:21.297Z] Building nodejs source
[debug] [2024-05-20T11:25:21.297Z] Failed to find version of module node: reached end of search path /Users/zacharywolfe/Desktop/ClickitBackend/functions/node_modules
[info] ✔  functions: Using node@20 from host. 
[debug] [2024-05-20T11:25:21.300Z] Could not find functions.yaml. Must use http discovery
[debug] [2024-05-20T11:25:21.306Z] Found firebase-functions binary at '/Users/zacharywolfe/Desktop/ClickitBackend/functions/node_modules/.bin/firebase-functions'
[info] Serving at port 8338

[debug] [2024-05-20T11:25:21.526Z] Got response from /__/functions.yaml {"endpoints":{"api":{"availableMemoryMb":null,"timeoutSeconds":null,"minInstances":null,"maxInstances":null,"ingressSettings":null,"concurrency":null,"serviceAccountEmail":null,"vpc":null,"platform":"gcfv2","labels":{},"httpsTrigger":{},"entryPoint":"api"}},"specVersion":"v1alpha1","requiredAPIs":[]}
[info] ✔  functions: Loaded functions definitions from source: api. {"metadata":{"emulator":{"name":"functions"},"message":"Loaded functions definitions from source: api."}}
[info] ✔  functions[us-central1-api]: http function initialized (http://localhost:5000/clickit-6d6ab/us-central1/api). {"metadata":{"emulator":{"name":"functions"},"message":"\u001b[1mhttp\u001b[22m function initialized (http://localhost:5000/clickit-6d6ab/us-central1/api)."}}
[debug] [2024-05-20T11:26:53.789Z] [work-queue] {"queuedWork":["/clickit-6d6ab/us-central1/api/create_user-2024-05-20T11:26:53.788Z"],"queueLength":1,"runningWork":[],"workRunningCount":0}
[debug] [2024-05-20T11:26:53.791Z] [work-queue] {"queuedWork":[],"queueLength":0,"runningWork":["/clickit-6d6ab/us-central1/api/create_user-2024-05-20T11:26:53.788Z"],"workRunningCount":1}
[debug] [2024-05-20T11:26:53.793Z] Accepted request OPTIONS /clickit-6d6ab/us-central1/api/create_user --> us-central1-api
[debug] [2024-05-20T11:26:53.800Z] [functions] Runtime ready! Sending request! {"metadata":{"emulator":{"name":"functions"},"message":"[functions] Runtime ready! Sending request!"}}
[debug] [2024-05-20T11:26:53.801Z] [functions] Got req.url=/clickit-6d6ab/us-central1/api/create_user, mapping to path=/create_user {"metadata":{"emulator":{"name":"functions"},"message":"[functions] Got req.url=/clickit-6d6ab/us-central1/api/create_user, mapping to path=/create_user"}}
[debug] [2024-05-20T11:26:53.809Z] [worker-pool] addWorker(us-central1-api) {"metadata":{"emulator":{"name":"functions"},"message":"[worker-pool] addWorker(us-central1-api)"}}
[debug] [2024-05-20T11:26:53.810Z] [worker-pool] Adding worker with key us-central1-api, total=1 {"metadata":{"emulator":{"name":"functions"},"message":"[worker-pool] Adding worker with key us-central1-api, total=1"}}
[debug] [2024-05-20T11:26:54.595Z] [runtime-status] [75417] Resolved module firebase-admin {"declared":true,"installed":true,"version":"12.1.0","resolution":"/Users/zacharywolfe/Desktop/ClickitBackend/functions/node_modules/firebase-admin/lib/index.js"} {"metadata":{"emulator":{"name":"functions"},"function":{"name":"us-central1-api"},"extension":{},"message":"[runtime-status] [75417] Resolved module firebase-admin {\"declared\":true,\"installed\":true,\"version\":\"12.1.0\",\"resolution\":\"/Users/zacharywolfe/Desktop/ClickitBackend/functions/node_modules/firebase-admin/lib/index.js\"}"}}
[debug] [2024-05-20T11:26:54.595Z] [runtime-status] [75417] Resolved module firebase-functions {"declared":true,"installed":true,"version":"5.0.1","resolution":"/Users/zacharywolfe/Desktop/ClickitBackend/functions/node_modules/firebase-functions/lib/v1/index.js"} {"metadata":{"emulator":{"name":"functions"},"function":{"name":"us-central1-api"},"extension":{},"message":"[runtime-status] [75417] Resolved module firebase-functions {\"declared\":true,\"installed\":true,\"version\":\"5.0.1\",\"resolution\":\"/Users/zacharywolfe/Desktop/ClickitBackend/functions/node_modules/firebase-functions/lib/v1/index.js\"}"}}
[debug] [2024-05-20T11:26:54.595Z] [runtime-status] [75417] Outgoing network have been stubbed. [{"name":"http","status":"mocked"},{"name":"http","status":"mocked"},{"name":"https","status":"mocked"},{"name":"https","status":"mocked"},{"name":"net","status":"mocked"}] {"metadata":{"emulator":{"name":"functions"},"function":{"name":"us-central1-api"},"extension":{},"message":"[runtime-status] [75417] Outgoing network have been stubbed. [{\"name\":\"http\",\"status\":\"mocked\"},{\"name\":\"http\",\"status\":\"mocked\"},{\"name\":\"https\",\"status\":\"mocked\"},{\"name\":\"https\",\"status\":\"mocked\"},{\"name\":\"net\",\"status\":\"mocked\"}]"}}
[debug] [2024-05-20T11:26:54.595Z] [runtime-status] [75417] Resolved module firebase-functions {"declared":true,"installed":true,"version":"5.0.1","resolution":"/Users/zacharywolfe/Desktop/ClickitBackend/functions/node_modules/firebase-functions/lib/v1/index.js"} {"metadata":{"emulator":{"name":"functions"},"function":{"name":"us-central1-api"},"extension":{},"message":"[runtime-status] [75417] Resolved module firebase-functions {\"declared\":true,\"installed\":true,\"version\":\"5.0.1\",\"resolution\":\"/Users/zacharywolfe/Desktop/ClickitBackend/functions/node_modules/firebase-functions/lib/v1/index.js\"}"}}
[debug] [2024-05-20T11:26:54.728Z] [runtime-status] [75417] Checked functions.config() {"config":{}} {"metadata":{"emulator":{"name":"functions"},"function":{"name":"us-central1-api"},"extension":{},"message":"[runtime-status] [75417] Checked functions.config() {\"config\":{}}"}}
[debug] [2024-05-20T11:26:54.728Z] [runtime-status] [75417] firebase-functions has been stubbed. {"functionsResolution":{"declared":true,"installed":true,"version":"5.0.1","resolution":"/Users/zacharywolfe/Desktop/ClickitBackend/functions/node_modules/firebase-functions/lib/v1/index.js"}} {"metadata":{"emulator":{"name":"functions"},"function":{"name":"us-central1-api"},"extension":{},"message":"[runtime-status] [75417] firebase-functions has been stubbed. {\"functionsResolution\":{\"declared\":true,\"installed\":true,\"version\":\"5.0.1\",\"resolution\":\"/Users/zacharywolfe/Desktop/ClickitBackend/functions/node_modules/firebase-functions/lib/v1/index.js\"}}"}}
[debug] [2024-05-20T11:26:54.728Z] [runtime-status] [75417] Resolved module firebase-functions {"declared":true,"installed":true,"version":"5.0.1","resolution":"/Users/zacharywolfe/Desktop/ClickitBackend/functions/node_modules/firebase-functions/lib/v1/index.js"} {"metadata":{"emulator":{"name":"functions"},"function":{"name":"us-central1-api"},"extension":{},"message":"[runtime-status] [75417] Resolved module firebase-functions {\"declared\":true,\"installed\":true,\"version\":\"5.0.1\",\"resolution\":\"/Users/zacharywolfe/Desktop/ClickitBackend/functions/node_modules/firebase-functions/lib/v1/index.js\"}"}}
[debug] [2024-05-20T11:26:54.729Z] [runtime-status] [75417] Resolved module firebase-admin {"declared":true,"installed":true,"version":"12.1.0","resolution":"/Users/zacharywolfe/Desktop/ClickitBackend/functions/node_modules/firebase-admin/lib/index.js"} {"metadata":{"emulator":{"name":"functions"},"function":{"name":"us-central1-api"},"extension":{},"message":"[runtime-status] [75417] Resolved module firebase-admin {\"declared\":true,\"installed\":true,\"version\":\"12.1.0\",\"resolution\":\"/Users/zacharywolfe/Desktop/ClickitBackend/functions/node_modules/firebase-admin/lib/index.js\"}"}}
[debug] [2024-05-20T11:26:54.730Z] [runtime-status] [75417] Resolved module firebase-functions {"declared":true,"installed":true,"version":"5.0.1","resolution":"/Users/zacharywolfe/Desktop/ClickitBackend/functions/node_modules/firebase-functions/lib/v1/index.js"} {"metadata":{"emulator":{"name":"functions"},"function":{"name":"us-central1-api"},"extension":{},"message":"[runtime-status] [75417] Resolved module firebase-functions {\"declared\":true,\"installed\":true,\"version\":\"5.0.1\",\"resolution\":\"/Users/zacharywolfe/Desktop/ClickitBackend/functions/node_modules/firebase-functions/lib/v1/index.js\"}"}}
[debug] [2024-05-20T11:26:54.730Z] [runtime-status] [75417] firebase-admin has been stubbed. {"adminResolution":{"declared":true,"installed":true,"version":"12.1.0","resolution":"/Users/zacharywolfe/Desktop/ClickitBackend/functions/node_modules/firebase-admin/lib/index.js"}} {"metadata":{"emulator":{"name":"functions"},"function":{"name":"us-central1-api"},"extension":{},"message":"[runtime-status] [75417] firebase-admin has been stubbed. {\"adminResolution\":{\"declared\":true,\"installed\":true,\"version\":\"12.1.0\",\"resolution\":\"/Users/zacharywolfe/Desktop/ClickitBackend/functions/node_modules/firebase-admin/lib/index.js\"}}"}}
[debug] [2024-05-20T11:26:54.794Z] [runtime-status] [75417] initializeApp(DEFAULT) {"storageBucket":"clickit-6d6ab.appspot.com","databaseURL":"https://clickit-6d6ab-default-rtdb.firebaseio.com","projectId":"clickit-6d6ab"} {"metadata":{"emulator":{"name":"functions"},"function":{"name":"us-central1-api"},"extension":{},"message":"[runtime-status] [75417] initializeApp(DEFAULT) {\"storageBucket\":\"clickit-6d6ab.appspot.com\",\"databaseURL\":\"https://clickit-6d6ab-default-rtdb.firebaseio.com\",\"projectId\":\"clickit-6d6ab\"}"}}
[debug] [2024-05-20T11:26:54.799Z] [runtime-status] [75417] Functions runtime initialized. {"cwd":"/Users/zacharywolfe/Desktop/ClickitBackend/functions","node_version":"20.13.1"} {"metadata":{"emulator":{"name":"functions"},"function":{"name":"us-central1-api"},"extension":{},"message":"[runtime-status] [75417] Functions runtime initialized. {\"cwd\":\"/Users/zacharywolfe/Desktop/ClickitBackend/functions\",\"node_version\":\"20.13.1\"}"}}
[debug] [2024-05-20T11:26:54.799Z] [runtime-status] [75417] Listening to port: /var/folders/29/t04f4q1j7jz6c3rzy4lxrjmc0000gn/T/fire_emu_16b9712f71160759.sock {"metadata":{"emulator":{"name":"functions"},"function":{"name":"us-central1-api"},"extension":{},"message":"[runtime-status] [75417] Listening to port: /var/folders/29/t04f4q1j7jz6c3rzy4lxrjmc0000gn/T/fire_emu_16b9712f71160759.sock"}}
[debug] [2024-05-20T11:26:54.831Z] [worker-us-central1-api-ad715499-ee0e-410a-9fde-5621ff9183bc]: IDLE {"metadata":{"emulator":{"name":"functions"},"function":{"name":"us-central1-api"},"extension":{},"message":"[worker-us-central1-api-ad715499-ee0e-410a-9fde-5621ff9183bc]: IDLE"}}
[debug] [2024-05-20T11:26:54.831Z] [worker-pool] submitRequest(triggerId=us-central1-api) {"metadata":{"emulator":{"name":"functions"},"message":"[worker-pool] submitRequest(triggerId=us-central1-api)"}}
[info] i  functions: Beginning execution of "us-central1-api" {"metadata":{"emulator":{"name":"functions"},"function":{"name":"us-central1-api"},"extension":{},"message":"Beginning execution of \"us-central1-api\""}}
[debug] [2024-05-20T11:26:54.831Z] [worker-us-central1-api-ad715499-ee0e-410a-9fde-5621ff9183bc]: BUSY {"metadata":{"emulator":{"name":"functions"},"function":{"name":"us-central1-api"},"extension":{},"message":"[worker-us-central1-api-ad715499-ee0e-410a-9fde-5621ff9183bc]: BUSY"}}
[debug] [2024-05-20T11:26:54.834Z] Finishing up request with event=pause {"metadata":{"emulator":{"name":"functions"},"function":{"name":"us-central1-api"},"extension":{},"message":"Finishing up request with event=pause"}}
[info] i  functions: Finished "us-central1-api" in 2.954916ms {"metadata":{"emulator":{"name":"functions"},"function":{"name":"us-central1-api"},"extension":{},"message":"Finished \"us-central1-api\" in 2.954916ms"}}
[debug] [2024-05-20T11:26:54.834Z] [worker-us-central1-api-ad715499-ee0e-410a-9fde-5621ff9183bc]: IDLE {"metadata":{"emulator":{"name":"functions"},"function":{"name":"us-central1-api"},"extension":{},"message":"[worker-us-central1-api-ad715499-ee0e-410a-9fde-5621ff9183bc]: IDLE"}}
[debug] [2024-05-20T11:26:54.834Z] Finishing up request with event=finish {"metadata":{"emulator":{"name":"functions"},"function":{"name":"us-central1-api"},"extension":{},"message":"Finishing up request with event=finish"}}
[debug] [2024-05-20T11:26:54.835Z] Finishing up request with event=close {"metadata":{"emulator":{"name":"functions"},"function":{"name":"us-central1-api"},"extension":{},"message":"Finishing up request with event=close"}}
[debug] [2024-05-20T11:26:54.835Z] [work-queue] {"queuedWork":[],"queueLength":0,"runningWork":[],"workRunningCount":0}
[debug] [2024-05-20T11:26:54.837Z] [work-queue] {"queuedWork":["/clickit-6d6ab/us-central1/api/create_user-2024-05-20T11:26:54.837Z"],"queueLength":1,"runningWork":[],"workRunningCount":0}
[debug] [2024-05-20T11:26:54.837Z] [work-queue] {"queuedWork":[],"queueLength":0,"runningWork":["/clickit-6d6ab/us-central1/api/create_user-2024-05-20T11:26:54.837Z"],"workRunningCount":1}
[debug] [2024-05-20T11:26:54.837Z] Accepted request POST /clickit-6d6ab/us-central1/api/create_user --> us-central1-api
[debug] [2024-05-20T11:26:54.837Z] [functions] Runtime ready! Sending request! {"metadata":{"emulator":{"name":"functions"},"message":"[functions] Runtime ready! Sending request!"}}
[debug] [2024-05-20T11:26:54.838Z] [functions] Got req.url=/clickit-6d6ab/us-central1/api/create_user, mapping to path=/create_user {"metadata":{"emulator":{"name":"functions"},"message":"[functions] Got req.url=/clickit-6d6ab/us-central1/api/create_user, mapping to path=/create_user"}}
[debug] [2024-05-20T11:26:54.838Z] [worker-pool] submitRequest(triggerId=us-central1-api) {"metadata":{"emulator":{"name":"functions"},"message":"[worker-pool] submitRequest(triggerId=us-central1-api)"}}
[info] i  functions: Beginning execution of "us-central1-api" {"metadata":{"emulator":{"name":"functions"},"function":{"name":"us-central1-api"},"extension":{},"message":"Beginning execution of \"us-central1-api\""}}
[debug] [2024-05-20T11:26:54.838Z] [worker-us-central1-api-ad715499-ee0e-410a-9fde-5621ff9183bc]: BUSY {"metadata":{"emulator":{"name":"functions"},"function":{"name":"us-central1-api"},"extension":{},"message":"[worker-us-central1-api-ad715499-ee0e-410a-9fde-5621ff9183bc]: BUSY"}}
[debug] [2024-05-20T11:26:54.850Z] Finishing up request with event=pause {"metadata":{"emulator":{"name":"functions"},"function":{"name":"us-central1-api"},"extension":{},"message":"Finishing up request with event=pause"}}
[info] i  functions: Finished "us-central1-api" in 12.055625ms {"metadata":{"emulator":{"name":"functions"},"function":{"name":"us-central1-api"},"extension":{},"message":"Finished \"us-central1-api\" in 12.055625ms"}}
[debug] [2024-05-20T11:26:54.850Z] [worker-us-central1-api-ad715499-ee0e-410a-9fde-5621ff9183bc]: IDLE {"metadata":{"emulator":{"name":"functions"},"function":{"name":"us-central1-api"},"extension":{},"message":"[worker-us-central1-api-ad715499-ee0e-410a-9fde-5621ff9183bc]: IDLE"}}
[debug] [2024-05-20T11:26:54.850Z] Finishing up request with event=finish {"metadata":{"emulator":{"name":"functions"},"function":{"name":"us-central1-api"},"extension":{},"message":"Finishing up request with event=finish"}}
[debug] [2024-05-20T11:26:54.850Z] Finishing up request with event=close {"metadata":{"emulator":{"name":"functions"},"function":{"name":"us-central1-api"},"extension":{},"message":"Finishing up request with event=close"}}
[debug] [2024-05-20T11:26:54.850Z] [work-queue] {"queuedWork":[],"queueLength":0,"runningWork":[],"workRunningCount":0}
[warn] ⚠  functions: The Firebase Authentication emulator is not running, so calls to Firebase Authentication will affect production. {"metadata":{"emulator":{"name":"functions"},"function":{"name":"us-central1-api"},"extension":{},"message":"The Firebase Authentication emulator is not running, so calls to Firebase Authentication will affect production."}}
[info] >  undefined:1 {"user":"undefined:1","metadata":{"emulator":{"name":"functions"},"function":{"name":"us-central1-api"},"extension":{},"message":"\u001b[90m> \u001b[39m undefined:1"}}
[info] >  Not Found {"user":"Not Found","metadata":{"emulator":{"name":"functions"},"function":{"name":"us-central1-api"},"extension":{},"message":"\u001b[90m> \u001b[39m Not Found"}}
[info] >  ^ {"user":"^","metadata":{"emulator":{"name":"functions"},"function":{"name":"us-central1-api"},"extension":{},"message":"\u001b[90m> \u001b[39m ^"}}
[info] >   {"user":"","metadata":{"emulator":{"name":"functions"},"function":{"name":"us-central1-api"},"extension":{},"message":"\u001b[90m> \u001b[39m "}}
[info] >  SyntaxError: Unexpected token 'N', "Not Found" is not valid JSON {"user":"SyntaxError: Unexpected token 'N', \"Not Found\" is not valid JSON","metadata":{"emulator":{"name":"functions"},"function":{"name":"us-central1-api"},"extension":{},"message":"\u001b[90m> \u001b[39m SyntaxError: Unexpected token 'N', \"Not Found\" is not valid JSON"}}
[info] >      at JSON.parse (<anonymous>) {"user":"    at JSON.parse (<anonymous>)","metadata":{"emulator":{"name":"functions"},"function":{"name":"us-central1-api"},"extension":{},"message":"\u001b[90m> \u001b[39m     at JSON.parse (<anonymous>)"}}
[info] >      at parseJSONFromBytes (node:internal/deps/undici/undici:4306:19) {"user":"    at parseJSONFromBytes (node:internal/deps/undici/undici:4306:19)","metadata":{"emulator":{"name":"functions"},"function":{"name":"us-central1-api"},"extension":{},"message":"\u001b[90m> \u001b[39m     at parseJSONFromBytes (node:internal/deps/undici/undici:4306:19)"}}
[info] >      at successSteps (node:internal/deps/undici/undici:4288:27) {"user":"    at successSteps (node:internal/deps/undici/undici:4288:27)","metadata":{"emulator":{"name":"functions"},"function":{"name":"us-central1-api"},"extension":{},"message":"\u001b[90m> \u001b[39m     at successSteps (node:internal/deps/undici/undici:4288:27)"}}
[info] >      at fullyReadBody (node:internal/deps/undici/undici:2724:9) {"user":"    at fullyReadBody (node:internal/deps/undici/undici:2724:9)","metadata":{"emulator":{"name":"functions"},"function":{"name":"us-central1-api"},"extension":{},"message":"\u001b[90m> \u001b[39m     at fullyReadBody (node:internal/deps/undici/undici:2724:9)"}}
[info] >      at process.processTicksAndRejections (node:internal/process/task_queues:95:5) {"user":"    at process.processTicksAndRejections (node:internal/process/task_queues:95:5)","metadata":{"emulator":{"name":"functions"},"function":{"name":"us-central1-api"},"extension":{},"message":"\u001b[90m> \u001b[39m     at process.processTicksAndRejections (node:internal/process/task_queues:95:5)"}}
[info] >      at async consumeBody (node:internal/deps/undici/undici:4297:7) {"user":"    at async consumeBody (node:internal/deps/undici/undici:4297:7)","metadata":{"emulator":{"name":"functions"},"function":{"name":"us-central1-api"},"extension":{},"message":"\u001b[90m> \u001b[39m     at async consumeBody (node:internal/deps/undici/undici:4297:7)"}}
[info] >      at async createUser (/Users/zacharywolfe/Desktop/ClickitBackend/functions/lib/controllers/UserController.js:40:21) {"user":"    at async createUser (/Users/zacharywolfe/Desktop/ClickitBackend/functions/lib/controllers/UserController.js:40:21)","metadata":{"emulator":{"name":"functions"},"function":{"name":"us-central1-api"},"extension":{},"message":"\u001b[90m> \u001b[39m     at async createUser (/Users/zacharywolfe/Desktop/ClickitBackend/functions/lib/controllers/UserController.js:40:21)"}}
[info] >   {"user":"","metadata":{"emulator":{"name":"functions"},"function":{"name":"us-central1-api"},"extension":{},"message":"\u001b[90m> \u001b[39m "}}
[info] >  Node.js v20.13.1 {"user":"Node.js v20.13.1","metadata":{"emulator":{"name":"functions"},"function":{"name":"us-central1-api"},"extension":{},"message":"\u001b[90m> \u001b[39m Node.js v20.13.1"}}
[debug] [2024-05-20T11:26:56.940Z] [worker-us-central1-api-ad715499-ee0e-410a-9fde-5621ff9183bc]: exited {"metadata":{"emulator":{"name":"functions"},"function":{"name":"us-central1-api"},"extension":{},"message":"[worker-us-central1-api-ad715499-ee0e-410a-9fde-5621ff9183bc]: exited"}}
[debug] [2024-05-20T11:26:56.940Z] [worker-us-central1-api-ad715499-ee0e-410a-9fde-5621ff9183bc]: FINISHED {"metadata":{"emulator":{"name":"functions"},"function":{"name":"us-central1-api"},"extension":{},"message":"[worker-us-central1-api-ad715499-ee0e-410a-9fde-5621ff9183bc]: FINISHED"}}
[debug] [2024-05-20T11:27:41.712Z] [work-queue] {"queuedWork":["/clickit-6d6ab/us-central1/api/get_current_user-2024-05-20T11:27:41.711Z"],"queueLength":1,"runningWork":[],"workRunningCount":0}
[debug] [2024-05-20T11:27:41.712Z] [work-queue] {"queuedWork":[],"queueLength":0,"runningWork":["/clickit-6d6ab/us-central1/api/get_current_user-2024-05-20T11:27:41.711Z"],"workRunningCount":1}
[debug] [2024-05-20T11:27:41.712Z] Accepted request OPTIONS /clickit-6d6ab/us-central1/api/get_current_user --> us-central1-api
[debug] [2024-05-20T11:27:41.723Z] [functions] Runtime ready! Sending request! {"metadata":{"emulator":{"name":"functions"},"message":"[functions] Runtime ready! Sending request!"}}
[debug] [2024-05-20T11:27:41.724Z] [functions] Got req.url=/clickit-6d6ab/us-central1/api/get_current_user, mapping to path=/get_current_user {"metadata":{"emulator":{"name":"functions"},"message":"[functions] Got req.url=/clickit-6d6ab/us-central1/api/get_current_user, mapping to path=/get_current_user"}}
[debug] [2024-05-20T11:27:41.724Z] [worker-pool] Cleaned up workers for us-central1-api: 1 --> 0 {"metadata":{"emulator":{"name":"functions"},"message":"[worker-pool] Cleaned up workers for us-central1-api: 1 --> 0"}}
[debug] [2024-05-20T11:27:41.729Z] [worker-pool] addWorker(us-central1-api) {"metadata":{"emulator":{"name":"functions"},"message":"[worker-pool] addWorker(us-central1-api)"}}
[debug] [2024-05-20T11:27:41.730Z] [worker-pool] Adding worker with key us-central1-api, total=1 {"metadata":{"emulator":{"name":"functions"},"message":"[worker-pool] Adding worker with key us-central1-api, total=1"}}
[debug] [2024-05-20T11:27:42.511Z] [runtime-status] [75461] Resolved module firebase-admin {"declared":true,"installed":true,"version":"12.1.0","resolution":"/Users/zacharywolfe/Desktop/ClickitBackend/functions/node_modules/firebase-admin/lib/index.js"} {"metadata":{"emulator":{"name":"functions"},"function":{"name":"us-central1-api"},"extension":{},"message":"[runtime-status] [75461] Resolved module firebase-admin {\"declared\":true,\"installed\":true,\"version\":\"12.1.0\",\"resolution\":\"/Users/zacharywolfe/Desktop/ClickitBackend/functions/node_modules/firebase-admin/lib/index.js\"}"}}
[debug] [2024-05-20T11:27:42.512Z] [runtime-status] [75461] Resolved module firebase-functions {"declared":true,"installed":true,"version":"5.0.1","resolution":"/Users/zacharywolfe/Desktop/ClickitBackend/functions/node_modules/firebase-functions/lib/v1/index.js"} {"metadata":{"emulator":{"name":"functions"},"function":{"name":"us-central1-api"},"extension":{},"message":"[runtime-status] [75461] Resolved module firebase-functions {\"declared\":true,\"installed\":true,\"version\":\"5.0.1\",\"resolution\":\"/Users/zacharywolfe/Desktop/ClickitBackend/functions/node_modules/firebase-functions/lib/v1/index.js\"}"}}
[debug] [2024-05-20T11:27:42.512Z] [runtime-status] [75461] Outgoing network have been stubbed. [{"name":"http","status":"mocked"},{"name":"http","status":"mocked"},{"name":"https","status":"mocked"},{"name":"https","status":"mocked"},{"name":"net","status":"mocked"}] {"metadata":{"emulator":{"name":"functions"},"function":{"name":"us-central1-api"},"extension":{},"message":"[runtime-status] [75461] Outgoing network have been stubbed. [{\"name\":\"http\",\"status\":\"mocked\"},{\"name\":\"http\",\"status\":\"mocked\"},{\"name\":\"https\",\"status\":\"mocked\"},{\"name\":\"https\",\"status\":\"mocked\"},{\"name\":\"net\",\"status\":\"mocked\"}]"}}
[debug] [2024-05-20T11:27:42.512Z] [runtime-status] [75461] Resolved module firebase-functions {"declared":true,"installed":true,"version":"5.0.1","resolution":"/Users/zacharywolfe/Desktop/ClickitBackend/functions/node_modules/firebase-functions/lib/v1/index.js"} {"metadata":{"emulator":{"name":"functions"},"function":{"name":"us-central1-api"},"extension":{},"message":"[runtime-status] [75461] Resolved module firebase-functions {\"declared\":true,\"installed\":true,\"version\":\"5.0.1\",\"resolution\":\"/Users/zacharywolfe/Desktop/ClickitBackend/functions/node_modules/firebase-functions/lib/v1/index.js\"}"}}
[debug] [2024-05-20T11:27:42.639Z] [runtime-status] [75461] Checked functions.config() {"config":{}} {"metadata":{"emulator":{"name":"functions"},"function":{"name":"us-central1-api"},"extension":{},"message":"[runtime-status] [75461] Checked functions.config() {\"config\":{}}"}}
[debug] [2024-05-20T11:27:42.639Z] [runtime-status] [75461] firebase-functions has been stubbed. {"functionsResolution":{"declared":true,"installed":true,"version":"5.0.1","resolution":"/Users/zacharywolfe/Desktop/ClickitBackend/functions/node_modules/firebase-functions/lib/v1/index.js"}} {"metadata":{"emulator":{"name":"functions"},"function":{"name":"us-central1-api"},"extension":{},"message":"[runtime-status] [75461] firebase-functions has been stubbed. {\"functionsResolution\":{\"declared\":true,\"installed\":true,\"version\":\"5.0.1\",\"resolution\":\"/Users/zacharywolfe/Desktop/ClickitBackend/functions/node_modules/firebase-functions/lib/v1/index.js\"}}"}}
[debug] [2024-05-20T11:27:42.639Z] [runtime-status] [75461] Resolved module firebase-functions {"declared":true,"installed":true,"version":"5.0.1","resolution":"/Users/zacharywolfe/Desktop/ClickitBackend/functions/node_modules/firebase-functions/lib/v1/index.js"} {"metadata":{"emulator":{"name":"functions"},"function":{"name":"us-central1-api"},"extension":{},"message":"[runtime-status] [75461] Resolved module firebase-functions {\"declared\":true,\"installed\":true,\"version\":\"5.0.1\",\"resolution\":\"/Users/zacharywolfe/Desktop/ClickitBackend/functions/node_modules/firebase-functions/lib/v1/index.js\"}"}}
[debug] [2024-05-20T11:27:42.640Z] [runtime-status] [75461] Resolved module firebase-admin {"declared":true,"installed":true,"version":"12.1.0","resolution":"/Users/zacharywolfe/Desktop/ClickitBackend/functions/node_modules/firebase-admin/lib/index.js"} {"metadata":{"emulator":{"name":"functions"},"function":{"name":"us-central1-api"},"extension":{},"message":"[runtime-status] [75461] Resolved module firebase-admin {\"declared\":true,\"installed\":true,\"version\":\"12.1.0\",\"resolution\":\"/Users/zacharywolfe/Desktop/ClickitBackend/functions/node_modules/firebase-admin/lib/index.js\"}"}}
[debug] [2024-05-20T11:27:42.641Z] [runtime-status] [75461] Resolved module firebase-functions {"declared":true,"installed":true,"version":"5.0.1","resolution":"/Users/zacharywolfe/Desktop/ClickitBackend/functions/node_modules/firebase-functions/lib/v1/index.js"} {"metadata":{"emulator":{"name":"functions"},"function":{"name":"us-central1-api"},"extension":{},"message":"[runtime-status] [75461] Resolved module firebase-functions {\"declared\":true,\"installed\":true,\"version\":\"5.0.1\",\"resolution\":\"/Users/zacharywolfe/Desktop/ClickitBackend/functions/node_modules/firebase-functions/lib/v1/index.js\"}"}}
[debug] [2024-05-20T11:27:42.641Z] [runtime-status] [75461] firebase-admin has been stubbed. {"adminResolution":{"declared":true,"installed":true,"version":"12.1.0","resolution":"/Users/zacharywolfe/Desktop/ClickitBackend/functions/node_modules/firebase-admin/lib/index.js"}} {"metadata":{"emulator":{"name":"functions"},"function":{"name":"us-central1-api"},"extension":{},"message":"[runtime-status] [75461] firebase-admin has been stubbed. {\"adminResolution\":{\"declared\":true,\"installed\":true,\"version\":\"12.1.0\",\"resolution\":\"/Users/zacharywolfe/Desktop/ClickitBackend/functions/node_modules/firebase-admin/lib/index.js\"}}"}}
[debug] [2024-05-20T11:27:42.702Z] [runtime-status] [75461] initializeApp(DEFAULT) {"storageBucket":"clickit-6d6ab.appspot.com","databaseURL":"https://clickit-6d6ab-default-rtdb.firebaseio.com","projectId":"clickit-6d6ab"} {"metadata":{"emulator":{"name":"functions"},"function":{"name":"us-central1-api"},"extension":{},"message":"[runtime-status] [75461] initializeApp(DEFAULT) {\"storageBucket\":\"clickit-6d6ab.appspot.com\",\"databaseURL\":\"https://clickit-6d6ab-default-rtdb.firebaseio.com\",\"projectId\":\"clickit-6d6ab\"}"}}
[debug] [2024-05-20T11:27:42.707Z] [runtime-status] [75461] Functions runtime initialized. {"cwd":"/Users/zacharywolfe/Desktop/ClickitBackend/functions","node_version":"20.13.1"} {"metadata":{"emulator":{"name":"functions"},"function":{"name":"us-central1-api"},"extension":{},"message":"[runtime-status] [75461] Functions runtime initialized. {\"cwd\":\"/Users/zacharywolfe/Desktop/ClickitBackend/functions\",\"node_version\":\"20.13.1\"}"}}
[debug] [2024-05-20T11:27:42.707Z] [runtime-status] [75461] Listening to port: /var/folders/29/t04f4q1j7jz6c3rzy4lxrjmc0000gn/T/fire_emu_cb3458905060efe7.sock {"metadata":{"emulator":{"name":"functions"},"function":{"name":"us-central1-api"},"extension":{},"message":"[runtime-status] [75461] Listening to port: /var/folders/29/t04f4q1j7jz6c3rzy4lxrjmc0000gn/T/fire_emu_cb3458905060efe7.sock"}}
[debug] [2024-05-20T11:27:42.750Z] [worker-us-central1-api-af501700-58dc-49ef-8944-df2ba75e7126]: IDLE {"metadata":{"emulator":{"name":"functions"},"function":{"name":"us-central1-api"},"extension":{},"message":"[worker-us-central1-api-af501700-58dc-49ef-8944-df2ba75e7126]: IDLE"}}
[debug] [2024-05-20T11:27:42.750Z] [worker-pool] submitRequest(triggerId=us-central1-api) {"metadata":{"emulator":{"name":"functions"},"message":"[worker-pool] submitRequest(triggerId=us-central1-api)"}}
[info] i  functions: Beginning execution of "us-central1-api" {"metadata":{"emulator":{"name":"functions"},"function":{"name":"us-central1-api"},"extension":{},"message":"Beginning execution of \"us-central1-api\""}}
[debug] [2024-05-20T11:27:42.750Z] [worker-us-central1-api-af501700-58dc-49ef-8944-df2ba75e7126]: BUSY {"metadata":{"emulator":{"name":"functions"},"function":{"name":"us-central1-api"},"extension":{},"message":"[worker-us-central1-api-af501700-58dc-49ef-8944-df2ba75e7126]: BUSY"}}
[debug] [2024-05-20T11:27:42.753Z] Finishing up request with event=pause {"metadata":{"emulator":{"name":"functions"},"function":{"name":"us-central1-api"},"extension":{},"message":"Finishing up request with event=pause"}}
[info] i  functions: Finished "us-central1-api" in 3.532584ms {"metadata":{"emulator":{"name":"functions"},"function":{"name":"us-central1-api"},"extension":{},"message":"Finished \"us-central1-api\" in 3.532584ms"}}
[debug] [2024-05-20T11:27:42.753Z] [worker-us-central1-api-af501700-58dc-49ef-8944-df2ba75e7126]: IDLE {"metadata":{"emulator":{"name":"functions"},"function":{"name":"us-central1-api"},"extension":{},"message":"[worker-us-central1-api-af501700-58dc-49ef-8944-df2ba75e7126]: IDLE"}}
[debug] [2024-05-20T11:27:42.754Z] Finishing up request with event=finish {"metadata":{"emulator":{"name":"functions"},"function":{"name":"us-central1-api"},"extension":{},"message":"Finishing up request with event=finish"}}
[debug] [2024-05-20T11:27:42.754Z] Finishing up request with event=close {"metadata":{"emulator":{"name":"functions"},"function":{"name":"us-central1-api"},"extension":{},"message":"Finishing up request with event=close"}}
[debug] [2024-05-20T11:27:42.754Z] [work-queue] {"queuedWork":[],"queueLength":0,"runningWork":[],"workRunningCount":0}
[debug] [2024-05-20T11:27:42.757Z] [work-queue] {"queuedWork":["/clickit-6d6ab/us-central1/api/get_current_user-2024-05-20T11:27:42.757Z"],"queueLength":1,"runningWork":[],"workRunningCount":0}
[debug] [2024-05-20T11:27:42.757Z] [work-queue] {"queuedWork":[],"queueLength":0,"runningWork":["/clickit-6d6ab/us-central1/api/get_current_user-2024-05-20T11:27:42.757Z"],"workRunningCount":1}
[debug] [2024-05-20T11:27:42.757Z] Accepted request GET /clickit-6d6ab/us-central1/api/get_current_user --> us-central1-api
[debug] [2024-05-20T11:27:42.757Z] [functions] Runtime ready! Sending request! {"metadata":{"emulator":{"name":"functions"},"message":"[functions] Runtime ready! Sending request!"}}
[debug] [2024-05-20T11:27:42.757Z] [functions] Got req.url=/clickit-6d6ab/us-central1/api/get_current_user, mapping to path=/get_current_user {"metadata":{"emulator":{"name":"functions"},"message":"[functions] Got req.url=/clickit-6d6ab/us-central1/api/get_current_user, mapping to path=/get_current_user"}}
[debug] [2024-05-20T11:27:42.757Z] [worker-pool] submitRequest(triggerId=us-central1-api) {"metadata":{"emulator":{"name":"functions"},"message":"[worker-pool] submitRequest(triggerId=us-central1-api)"}}
[info] i  functions: Beginning execution of "us-central1-api" {"metadata":{"emulator":{"name":"functions"},"function":{"name":"us-central1-api"},"extension":{},"message":"Beginning execution of \"us-central1-api\""}}
[debug] [2024-05-20T11:27:42.758Z] [worker-us-central1-api-af501700-58dc-49ef-8944-df2ba75e7126]: BUSY {"metadata":{"emulator":{"name":"functions"},"function":{"name":"us-central1-api"},"extension":{},"message":"[worker-us-central1-api-af501700-58dc-49ef-8944-df2ba75e7126]: BUSY"}}
[info] >  get_current_user {"user":"get_current_user","metadata":{"emulator":{"name":"functions"},"function":{"name":"us-central1-api"},"extension":{},"message":"\u001b[90m> \u001b[39m get_current_user"}}
[debug] [2024-05-20T11:27:42.762Z] Finishing up request with event=pause {"metadata":{"emulator":{"name":"functions"},"function":{"name":"us-central1-api"},"extension":{},"message":"Finishing up request with event=pause"}}
[info] i  functions: Finished "us-central1-api" in 4.230334ms {"metadata":{"emulator":{"name":"functions"},"function":{"name":"us-central1-api"},"extension":{},"message":"Finished \"us-central1-api\" in 4.230334ms"}}
[debug] [2024-05-20T11:27:42.762Z] [worker-us-central1-api-af501700-58dc-49ef-8944-df2ba75e7126]: IDLE {"metadata":{"emulator":{"name":"functions"},"function":{"name":"us-central1-api"},"extension":{},"message":"[worker-us-central1-api-af501700-58dc-49ef-8944-df2ba75e7126]: IDLE"}}
[debug] [2024-05-20T11:27:42.762Z] Finishing up request with event=finish {"metadata":{"emulator":{"name":"functions"},"function":{"name":"us-central1-api"},"extension":{},"message":"Finishing up request with event=finish"}}
[debug] [2024-05-20T11:27:42.762Z] Finishing up request with event=close {"metadata":{"emulator":{"name":"functions"},"function":{"name":"us-central1-api"},"extension":{},"message":"Finishing up request with event=close"}}
[debug] [2024-05-20T11:27:42.762Z] [work-queue] {"queuedWork":[],"queueLength":0,"runningWork":[],"workRunningCount":0}
[info] >  { {"user":"{","metadata":{"emulator":{"name":"functions"},"function":{"name":"us-central1-api"},"extension":{},"message":"\u001b[90m> \u001b[39m {"}}
[info] >    iss: 'https://securetoken.google.com/clickit-6d6ab', {"user":"  iss: 'https://securetoken.google.com/clickit-6d6ab',","metadata":{"emulator":{"name":"functions"},"function":{"name":"us-central1-api"},"extension":{},"message":"\u001b[90m> \u001b[39m   iss: 'https://securetoken.google.com/clickit-6d6ab',"}}
[info] >    aud: 'clickit-6d6ab', {"user":"  aud: 'clickit-6d6ab',","metadata":{"emulator":{"name":"functions"},"function":{"name":"us-central1-api"},"extension":{},"message":"\u001b[90m> \u001b[39m   aud: 'clickit-6d6ab',"}}
[info] >    auth_time: 1716204413, {"user":"  auth_time: 1716204413,","metadata":{"emulator":{"name":"functions"},"function":{"name":"us-central1-api"},"extension":{},"message":"\u001b[90m> \u001b[39m   auth_time: 1716204413,"}}
[info] >    user_id: '9i9If4Xi4VcDfJEJRkIUqpMKKht1', {"user":"  user_id: '9i9If4Xi4VcDfJEJRkIUqpMKKht1',","metadata":{"emulator":{"name":"functions"},"function":{"name":"us-central1-api"},"extension":{},"message":"\u001b[90m> \u001b[39m   user_id: '9i9If4Xi4VcDfJEJRkIUqpMKKht1',"}}
[info] >    sub: '9i9If4Xi4VcDfJEJRkIUqpMKKht1', {"user":"  sub: '9i9If4Xi4VcDfJEJRkIUqpMKKht1',","metadata":{"emulator":{"name":"functions"},"function":{"name":"us-central1-api"},"extension":{},"message":"\u001b[90m> \u001b[39m   sub: '9i9If4Xi4VcDfJEJRkIUqpMKKht1',"}}
[info] >    iat: 1716204413, {"user":"  iat: 1716204413,","metadata":{"emulator":{"name":"functions"},"function":{"name":"us-central1-api"},"extension":{},"message":"\u001b[90m> \u001b[39m   iat: 1716204413,"}}
[info] >    exp: 1716208013, {"user":"  exp: 1716208013,","metadata":{"emulator":{"name":"functions"},"function":{"name":"us-central1-api"},"extension":{},"message":"\u001b[90m> \u001b[39m   exp: 1716208013,"}}
[info] >    email: 'zacharywolfe29@gmail.com', {"user":"  email: 'zacharywolfe29@gmail.com',","metadata":{"emulator":{"name":"functions"},"function":{"name":"us-central1-api"},"extension":{},"message":"\u001b[90m> \u001b[39m   email: 'zacharywolfe29@gmail.com',"}}
[info] >    email_verified: false, {"user":"  email_verified: false,","metadata":{"emulator":{"name":"functions"},"function":{"name":"us-central1-api"},"extension":{},"message":"\u001b[90m> \u001b[39m   email_verified: false,"}}
[info] >    firebase: { identities: { email: [Array] }, sign_in_provider: 'password' }, {"user":"  firebase: { identities: { email: [Array] }, sign_in_provider: 'password' },","metadata":{"emulator":{"name":"functions"},"function":{"name":"us-central1-api"},"extension":{},"message":"\u001b[90m> \u001b[39m   firebase: { identities: { email: [Array] }, sign_in_provider: 'password' },"}}
[info] >    uid: '9i9If4Xi4VcDfJEJRkIUqpMKKht1' {"user":"  uid: '9i9If4Xi4VcDfJEJRkIUqpMKKht1'","metadata":{"emulator":{"name":"functions"},"function":{"name":"us-central1-api"},"extension":{},"message":"\u001b[90m> \u001b[39m   uid: '9i9If4Xi4VcDfJEJRkIUqpMKKht1'"}}
[info] >  } {"user":"}","metadata":{"emulator":{"name":"functions"},"function":{"name":"us-central1-api"},"extension":{},"message":"\u001b[90m> \u001b[39m }"}}
[warn] ⚠  functions: The Cloud Firestore emulator is not running, so calls to Firestore will affect production. {"metadata":{"emulator":{"name":"functions"},"function":{"name":"us-central1-api"},"extension":{},"message":"The Cloud Firestore emulator is not running, so calls to Firestore will affect production."}}
[warn] ⚠  Google API requested!
   - URL: "https://oauth2.googleapis.com/token"
   - Be careful, this may be a production service. {"metadata":{"emulator":{"name":"functions"},"function":{"name":"us-central1-api"},"extension":{},"message":"Google API requested!\n   - URL: \"https://oauth2.googleapis.com/token\"\n   - Be careful, this may be a production service."}}
